2021-02-25 16:56:39,283: root :INFO:This is an info:
2021-02-25 16:56:39,283: root :ERROR:This is an error:
2021-02-25 16:56:39,860: werkzeug :WARNING: * Debugger is active!
2021-02-25 16:56:39,875: werkzeug :INFO: * Debugger PIN: 230-982-421
2021-02-25 16:57:10,411: werkzeug :INFO: * Detected change in '/Users/tiphaineminguet/Desktop/Simplon/E_Learning/db.py', reloading
2021-02-25 16:57:10,922: root :INFO:This is an info:
2021-02-25 16:57:10,922: root :ERROR:This is an error:
2021-02-25 16:57:11,000: root :INFO:Creating Table: start
2021-02-25 16:57:11,517: werkzeug :WARNING: * Debugger is active!
2021-02-25 16:57:11,525: werkzeug :INFO: * Debugger PIN: 230-982-421
2021-02-25 16:57:21,735: werkzeug :INFO: * Detected change in '/Users/tiphaineminguet/Desktop/Simplon/E_Learning/db.py', reloading
2021-02-25 16:57:22,078: root :INFO:This is an info:
2021-02-25 16:57:22,078: root :ERROR:This is an error:
2021-02-25 16:57:22,170: root :INFO:Creating Table: start
2021-02-25 16:57:22,173: root :INFO:Creating Table: enf
2021-02-25 16:57:22,390: werkzeug :WARNING: * Debugger is active!
2021-02-25 16:57:22,395: werkzeug :INFO: * Debugger PIN: 230-982-421
2021-02-25 16:57:23,420: werkzeug :INFO: * Detected change in '/Users/tiphaineminguet/Desktop/Simplon/E_Learning/db.py', reloading
2021-02-25 16:57:23,704: root :INFO:This is an info:
2021-02-25 16:57:23,705: root :ERROR:This is an error:
2021-02-25 16:57:23,752: root :INFO:Creating Table: start
2021-02-25 16:57:23,755: root :INFO:Creating Table: end
2021-02-25 16:57:24,014: werkzeug :WARNING: * Debugger is active!
2021-02-25 16:57:24,035: werkzeug :INFO: * Debugger PIN: 230-982-421
2021-02-25 16:58:21,007: werkzeug :INFO: * Detected change in '/Users/tiphaineminguet/Desktop/Simplon/E_Learning/db.py', reloading
2021-02-25 16:58:21,420: root :INFO:This is an info:
2021-02-25 16:58:21,420: root :ERROR:This is an error:
2021-02-25 16:58:21,488: root :INFO:Creating Table: start
2021-02-25 16:58:21,490: root :INFO:Creating Table: end
2021-02-25 16:58:22,064: werkzeug :WARNING: * Debugger is active!
2021-02-25 16:58:22,080: werkzeug :INFO: * Debugger PIN: 230-982-421
2021-02-25 16:58:35,334: werkzeug :INFO: * Detected change in '/Users/tiphaineminguet/Desktop/Simplon/E_Learning/api.py', reloading
2021-02-25 16:58:35,557: root :INFO:This is an info:
2021-02-25 16:58:35,558: root :ERROR:This is an error:
2021-02-25 16:58:35,625: root :INFO:Creating Table: start
2021-02-25 16:58:35,629: root :INFO:Creating Table: end
2021-02-25 16:58:36,013: werkzeug :WARNING: * Debugger is active!
2021-02-25 16:58:36,021: werkzeug :INFO: * Debugger PIN: 230-982-421
2021-02-25 16:59:17,733: werkzeug :INFO: * Detected change in '/Users/tiphaineminguet/Desktop/Simplon/E_Learning/api.py', reloading
2021-02-25 16:59:17,885: root :INFO:This is an info:
2021-02-25 16:59:17,885: root :ERROR:This is an error:
2021-02-25 16:59:17,929: root :INFO:Creating Table: start
2021-02-25 16:59:17,931: root :INFO:Creating Table: end
2021-02-25 16:59:18,146: werkzeug :WARNING: * Debugger is active!
2021-02-25 16:59:18,157: werkzeug :INFO: * Debugger PIN: 230-982-421
2021-02-25 16:59:28,351: werkzeug :INFO: * Detected change in '/Users/tiphaineminguet/Desktop/Simplon/E_Learning/api.py', reloading
2021-02-25 16:59:28,609: root :INFO:This is an info:
2021-02-25 16:59:28,610: root :ERROR:This is an error:
2021-02-25 16:59:28,712: root :INFO:Creating Table: start
2021-02-25 16:59:28,714: root :INFO:Creating Table: end
2021-02-25 16:59:28,957: werkzeug :WARNING: * Debugger is active!
2021-02-25 16:59:28,967: werkzeug :INFO: * Debugger PIN: 230-982-421
2021-02-25 17:00:03,586: werkzeug :INFO: * Detected change in '/Users/tiphaineminguet/Desktop/Simplon/E_Learning/api.py', reloading
2021-02-25 17:00:03,991: root :INFO:This is an info:
2021-02-25 17:00:03,991: root :ERROR:This is an error:
2021-02-25 17:00:04,046: root :INFO:Creating Table: start
2021-02-25 17:00:04,047: root :INFO:Creating Table: end
2021-02-25 17:00:04,276: werkzeug :WARNING: * Debugger is active!
2021-02-25 17:00:04,284: werkzeug :INFO: * Debugger PIN: 230-982-421
2021-02-25 17:00:36,866: werkzeug :INFO: * Detected change in '/Users/tiphaineminguet/Desktop/Simplon/E_Learning/api.py', reloading
2021-02-25 17:00:37,077: root :INFO:This is an info:
2021-02-25 17:00:37,077: root :ERROR:This is an error:
2021-02-25 17:00:37,121: root :INFO:Creating Table: start
2021-02-25 17:00:37,124: root :INFO:Creating Table: end
2021-02-25 17:00:37,472: werkzeug :WARNING: * Debugger is active!
2021-02-25 17:00:37,478: werkzeug :INFO: * Debugger PIN: 230-982-421
2021-02-25 17:00:45,621: werkzeug :INFO: * Detected change in '/Users/tiphaineminguet/Desktop/Simplon/E_Learning/api.py', reloading
2021-02-25 17:00:45,863: root :INFO:This is an info:
2021-02-25 17:00:45,863: root :ERROR:This is an error:
2021-02-25 17:00:45,919: root :INFO:Creating Table: start
2021-02-25 17:00:45,925: root :INFO:Creating Table: end
2021-02-25 17:00:46,204: werkzeug :WARNING: * Debugger is active!
2021-02-25 17:00:46,210: werkzeug :INFO: * Debugger PIN: 230-982-421
2021-02-25 17:00:55,360: werkzeug :INFO: * Detected change in '/Users/tiphaineminguet/Desktop/Simplon/E_Learning/api.py', reloading
2021-02-25 17:00:55,598: root :INFO:This is an info:
2021-02-25 17:00:55,598: root :ERROR:This is an error:
2021-02-25 17:00:55,656: root :INFO:Creating Table: start
2021-02-25 17:00:55,658: root :INFO:Creating Table: end
2021-02-25 17:00:55,872: werkzeug :WARNING: * Debugger is active!
2021-02-25 17:00:55,885: werkzeug :INFO: * Debugger PIN: 230-982-421
2021-02-25 17:01:06,069: werkzeug :INFO: * Detected change in '/Users/tiphaineminguet/Desktop/Simplon/E_Learning/api.py', reloading
2021-02-25 17:01:06,350: root :INFO:This is an info:
2021-02-25 17:01:06,350: root :ERROR:This is an error:
2021-02-25 17:01:06,392: root :INFO:Creating Table: start
2021-02-25 17:01:06,396: root :INFO:Creating Table: end
2021-02-25 17:01:06,665: werkzeug :WARNING: * Debugger is active!
2021-02-25 17:01:06,670: werkzeug :INFO: * Debugger PIN: 230-982-421
2021-02-25 17:01:18,887: werkzeug :INFO: * Detected change in '/Users/tiphaineminguet/Desktop/Simplon/E_Learning/api.py', reloading
2021-02-25 17:01:19,257: root :INFO:This is an info:
2021-02-25 17:01:19,257: root :ERROR:This is an error:
2021-02-25 17:01:19,316: root :INFO:Creating Table: start
2021-02-25 17:01:19,318: root :INFO:Creating Table: end
2021-02-25 17:01:19,556: werkzeug :WARNING: * Debugger is active!
2021-02-25 17:01:19,567: werkzeug :INFO: * Debugger PIN: 230-982-421
2021-02-25 17:01:40,928: werkzeug :INFO: * Detected change in '/Users/tiphaineminguet/Desktop/Simplon/E_Learning/api.py', reloading
2021-02-25 17:01:41,168: root :INFO:This is an info:
2021-02-25 17:01:41,168: root :ERROR:This is an error:
2021-02-25 17:01:41,223: root :INFO:Creating Table: start
2021-02-25 17:01:41,225: root :INFO:Creating Table: end
2021-02-25 17:01:41,599: werkzeug :WARNING: * Debugger is active!
2021-02-25 17:01:41,610: werkzeug :INFO: * Debugger PIN: 230-982-421
2021-02-25 17:01:45,703: werkzeug :INFO: * Detected change in '/Users/tiphaineminguet/Desktop/Simplon/E_Learning/api.py', reloading
2021-02-25 17:01:45,934: root :INFO:This is an info:
2021-02-25 17:01:45,934: root :ERROR:This is an error:
2021-02-25 17:01:45,994: root :INFO:Creating Table: start
2021-02-25 17:01:45,998: root :INFO:Creating Table: end
2021-02-25 17:01:46,211: werkzeug :WARNING: * Debugger is active!
2021-02-25 17:01:46,217: werkzeug :INFO: * Debugger PIN: 230-982-421
2021-02-25 17:01:48,248: werkzeug :INFO: * Detected change in '/Users/tiphaineminguet/Desktop/Simplon/E_Learning/api.py', reloading
2021-02-25 17:01:48,424: root :INFO:This is an info:
2021-02-25 17:01:48,424: root :ERROR:This is an error:
2021-02-25 17:01:48,491: root :INFO:Creating Table: start
2021-02-25 17:01:48,493: root :INFO:Creating Table: end
2021-02-25 17:01:48,739: werkzeug :WARNING: * Debugger is active!
2021-02-25 17:01:48,747: werkzeug :INFO: * Debugger PIN: 230-982-421
2021-02-25 17:02:11,180: werkzeug :INFO: * Detected change in '/Users/tiphaineminguet/Desktop/Simplon/E_Learning/api.py', reloading
2021-02-25 17:02:11,338: root :INFO:This is an info:
2021-02-25 17:02:11,341: root :ERROR:This is an error:
2021-02-25 17:02:11,472: root :INFO:Creating Table: start
2021-02-25 17:02:11,474: root :INFO:Creating Table: end
2021-02-25 17:02:11,684: werkzeug :WARNING: * Debugger is active!
2021-02-25 17:02:11,690: werkzeug :INFO: * Debugger PIN: 230-982-421
2021-02-25 17:02:12,706: werkzeug :INFO: * Detected change in '/Users/tiphaineminguet/Desktop/Simplon/E_Learning/api.py', reloading
2021-02-25 17:02:12,969: root :INFO:This is an info:
2021-02-25 17:02:12,969: root :ERROR:This is an error:
2021-02-25 17:02:13,005: root :INFO:Creating Table: start
2021-02-25 17:02:13,009: root :INFO:Creating Table: end
2021-02-25 17:02:13,207: werkzeug :WARNING: * Debugger is active!
2021-02-25 17:02:13,215: werkzeug :INFO: * Debugger PIN: 230-982-421
2021-02-25 17:02:21,351: werkzeug :INFO: * Detected change in '/Users/tiphaineminguet/Desktop/Simplon/E_Learning/api.py', reloading
2021-02-25 17:02:21,584: root :INFO:This is an info:
2021-02-25 17:02:21,584: root :ERROR:This is an error:
2021-02-25 17:02:21,621: root :INFO:Creating Table: start
2021-02-25 17:02:21,623: root :INFO:Creating Table: end
2021-02-25 17:02:21,800: werkzeug :WARNING: * Debugger is active!
2021-02-25 17:02:21,810: werkzeug :INFO: * Debugger PIN: 230-982-421
2021-02-25 17:02:36,066: werkzeug :INFO: * Detected change in '/Users/tiphaineminguet/Desktop/Simplon/E_Learning/api.py', reloading
2021-02-25 17:02:36,428: root :INFO:This is an info:
2021-02-25 17:02:36,431: root :ERROR:This is an error:
2021-02-25 17:02:36,511: root :INFO:Creating Table: start
2021-02-25 17:02:36,513: root :INFO:Creating Table: end
2021-02-25 17:02:36,796: werkzeug :WARNING: * Debugger is active!
2021-02-25 17:02:36,803: werkzeug :INFO: * Debugger PIN: 230-982-421
2021-02-25 17:02:54,078: werkzeug :INFO: * Detected change in '/Users/tiphaineminguet/Desktop/Simplon/E_Learning/api.py', reloading
2021-02-25 17:02:54,455: root :INFO:This is an info:
2021-02-25 17:02:54,455: root :ERROR:This is an error:
2021-02-25 17:02:54,495: root :INFO:Creating Table: start
2021-02-25 17:02:54,497: root :INFO:Creating Table: end
2021-02-25 17:02:54,658: werkzeug :WARNING: * Debugger is active!
2021-02-25 17:02:54,664: werkzeug :INFO: * Debugger PIN: 230-982-421
2021-02-25 17:02:57,718: werkzeug :INFO: * Detected change in '/Users/tiphaineminguet/Desktop/Simplon/E_Learning/api.py', reloading
2021-02-25 17:02:57,941: root :INFO:This is an info:
2021-02-25 17:02:57,941: root :ERROR:This is an error:
2021-02-25 17:02:57,988: root :INFO:Creating Table: start
2021-02-25 17:02:57,990: root :INFO:Creating Table: end
2021-02-25 17:02:58,140: werkzeug :WARNING: * Debugger is active!
2021-02-25 17:02:58,145: werkzeug :INFO: * Debugger PIN: 230-982-421
2021-02-25 17:03:16,463: werkzeug :INFO: * Detected change in '/Users/tiphaineminguet/Desktop/Simplon/E_Learning/api.py', reloading
2021-02-25 17:03:16,741: root :INFO:This is an info:
2021-02-25 17:03:16,741: root :ERROR:This is an error:
2021-02-25 17:03:16,783: root :INFO:Creating Table: start
2021-02-25 17:03:16,785: root :INFO:Creating Table: end
2021-02-25 17:03:16,969: werkzeug :WARNING: * Debugger is active!
2021-02-25 17:03:16,976: werkzeug :INFO: * Debugger PIN: 230-982-421
